Start testing: Jan 03 14:15 CST
----------------------------------------------------------
1/1 Testing: MyTest
1/1 Test: MyTest
Command: "/home/dongcai/Documents/pasta/pastavm/build/test/Test"
Directory: /home/dongcai/Documents/pasta/pastavm/build
"MyTest" start time: Jan 03 14:15 CST
Output:
----------------------------------------------------------
Running suite(s): LoadVM
100%: Checks: 1, Failures: 0, Errors: 0
<end of output>
Test time =   0.00 sec
----------------------------------------------------------
Test Passed.
"MyTest" end time: Jan 03 14:15 CST
"MyTest" time elapsed: 00:00:00
----------------------------------------------------------

End testing: Jan 03 14:15 CST
