Start testing: Jan 01 13:27 CST
----------------------------------------------------------
1/1 Testing: MyTest
1/1 Test: MyTest
Command: "/home/dongcai/Documents/pasta/pastavm/build/test/Test"
Directory: /home/dongcai/Documents/pasta/pastavm/build
"MyTest" start time: Jan 01 13:27 CST
Output:
----------------------------------------------------------
<end of output>
Test time =   0.00 sec
----------------------------------------------------------
Test Passed.
"MyTest" end time: Jan 01 13:27 CST
"MyTest" time elapsed: 00:00:00
----------------------------------------------------------

End testing: Jan 01 13:27 CST
